Shape of X [N, C, H, W]: torch.Size([64, 1, 140])
Shape of y: torch.Size([64, 1]) torch.float64
Using cpu device
NeuralNetwork(
  (flatten): Flatten(start_dim=1, end_dim=-1)
  (linear_relu_stack): Sequential(
    (0): Linear(in_features=140, out_features=128, bias=True)
    (1): ReLU()
    (2): Linear(in_features=128, out_features=64, bias=True)
    (3): ReLU()
    (4): Linear(in_features=64, out_features=1, bias=True)
  )
  (sig): Sigmoid()
)
<generator object Module.parameters at 0x7fd3e711c510>
Epoch 1
-------------------------------
loss: 0.694699  [   64/  920]
Test Error: 
 Accuracy: 68.7%, Avg loss: 0.669885 

Epoch 2
-------------------------------
loss: 0.666583  [   64/  920]
Test Error: 
 Accuracy: 73.0%, Avg loss: 0.611576 

Epoch 3
-------------------------------
loss: 0.594165  [   64/  920]
Test Error: 
 Accuracy: 71.7%, Avg loss: 0.538830 

Epoch 4
-------------------------------
loss: 0.477686  [   64/  920]
Test Error: 
 Accuracy: 69.6%, Avg loss: 0.511649 

Epoch 5
-------------------------------
loss: 0.385958  [   64/  920]
Test Error: 
 Accuracy: 70.4%, Avg loss: 0.500038 

Epoch 6
-------------------------------
loss: 0.344698  [   64/  920]
Test Error: 
 Accuracy: 70.0%, Avg loss: 0.492893 

Epoch 7
-------------------------------
loss: 0.329089  [   64/  920]
Test Error: 
 Accuracy: 70.4%, Avg loss: 0.492802 

Epoch 8
-------------------------------
loss: 0.320154  [   64/  920]
Test Error: 
 Accuracy: 71.7%, Avg loss: 0.495276 

Epoch 9
-------------------------------
loss: 0.311927  [   64/  920]
Test Error: 
 Accuracy: 72.2%, Avg loss: 0.497617 

Epoch 10
-------------------------------
loss: 0.304291  [   64/  920]
Test Error: 
 Accuracy: 72.6%, Avg loss: 0.499077 

Epoch 11
-------------------------------
loss: 0.297969  [   64/  920]
Test Error: 
 Accuracy: 72.2%, Avg loss: 0.501770 

Epoch 12
-------------------------------
loss: 0.292680  [   64/  920]
Test Error: 
 Accuracy: 72.6%, Avg loss: 0.504147 

Epoch 13
-------------------------------
loss: 0.288822  [   64/  920]
Test Error: 
 Accuracy: 72.6%, Avg loss: 0.506723 

Epoch 14
-------------------------------
loss: 0.284910  [   64/  920]
Test Error: 
 Accuracy: 71.7%, Avg loss: 0.510053 

Epoch 15
-------------------------------
loss: 0.281526  [   64/  920]
Test Error: 
 Accuracy: 72.2%, Avg loss: 0.513354 

Epoch 16
-------------------------------
loss: 0.278019  [   64/  920]
Test Error: 
 Accuracy: 72.2%, Avg loss: 0.516139 

Epoch 17
-------------------------------
loss: 0.274886  [   64/  920]
Test Error: 
 Accuracy: 71.7%, Avg loss: 0.519881 

Epoch 18
-------------------------------
loss: 0.271323  [   64/  920]
Test Error: 
 Accuracy: 70.9%, Avg loss: 0.523656 

Epoch 19
-------------------------------
loss: 0.268506  [   64/  920]
Test Error: 
 Accuracy: 71.3%, Avg loss: 0.526350 

Epoch 20
-------------------------------
loss: 0.265866  [   64/  920]
Test Error: 
 Accuracy: 71.3%, Avg loss: 0.528955 

Epoch 21
-------------------------------
loss: 0.261982  [   64/  920]
Test Error: 
 Accuracy: 70.9%, Avg loss: 0.531409 

Epoch 22
-------------------------------
loss: 0.259649  [   64/  920]
Test Error: 
 Accuracy: 70.9%, Avg loss: 0.534611 

Epoch 23
-------------------------------
loss: 0.256840  [   64/  920]
Test Error: 
 Accuracy: 70.9%, Avg loss: 0.537941 

Epoch 24
-------------------------------
loss: 0.253761  [   64/  920]
Test Error: 
 Accuracy: 71.7%, Avg loss: 0.539746 

Epoch 25
-------------------------------
loss: 0.250728  [   64/  920]
Test Error: 
 Accuracy: 70.9%, Avg loss: 0.544133 

Epoch 26
-------------------------------
loss: 0.248376  [   64/  920]
Test Error: 
 Accuracy: 70.9%, Avg loss: 0.547001 

Epoch 27
-------------------------------
loss: 0.245601  [   64/  920]
Test Error: 
 Accuracy: 70.0%, Avg loss: 0.551164 

Epoch 28
-------------------------------
loss: 0.244570  [   64/  920]
Test Error: 
 Accuracy: 70.0%, Avg loss: 0.553268 

Epoch 29
-------------------------------
loss: 0.241332  [   64/  920]
Test Error: 
 Accuracy: 70.4%, Avg loss: 0.557383 

Epoch 30
-------------------------------
loss: 0.239097  [   64/  920]
Test Error: 
 Accuracy: 70.0%, Avg loss: 0.559847 

Done!
