Shape of X [N, C, H, W]: torch.Size([64, 1, 140])
Shape of y: torch.Size([64, 1]) torch.float64
Using cpu device
NeuralNetwork(
  (flatten): Flatten(start_dim=1, end_dim=-1)
  (linear_relu_stack): Sequential(
    (0): Linear(in_features=140, out_features=128, bias=True)
    (1): ReLU()
    (2): Linear(in_features=128, out_features=128, bias=True)
    (3): ReLU()
    (4): Linear(in_features=128, out_features=64, bias=True)
    (5): ReLU()
    (6): Linear(in_features=64, out_features=1, bias=True)
  )
  (sig): Sigmoid()
)
<generator object Module.parameters at 0x7fe0bd5549e0>
Epoch 1
-------------------------------
Train: 
 Accuracy: 53.0%, Avg loss: 0.687603 

Test: 
 Accuracy: 74.8%, Avg loss: 0.675024 

Epoch 2
-------------------------------
Train: 
 Accuracy: 74.8%, Avg loss: 0.646329 

Test: 
 Accuracy: 70.4%, Avg loss: 0.612382 

Epoch 3
-------------------------------
Train: 
 Accuracy: 76.4%, Avg loss: 0.520398 

Test: 
 Accuracy: 68.3%, Avg loss: 0.537414 

Epoch 4
-------------------------------
Train: 
 Accuracy: 77.2%, Avg loss: 0.422814 

Test: 
 Accuracy: 67.4%, Avg loss: 0.589808 

Epoch 5
-------------------------------
Train: 
 Accuracy: 77.5%, Avg loss: 0.403831 

Test: 
 Accuracy: 69.1%, Avg loss: 0.575161 

Epoch 6
-------------------------------
Train: 
 Accuracy: 76.8%, Avg loss: 0.403510 

Test: 
 Accuracy: 69.6%, Avg loss: 0.495676 

Epoch 7
-------------------------------
Train: 
 Accuracy: 78.3%, Avg loss: 0.374094 

Test: 
 Accuracy: 73.0%, Avg loss: 0.488125 

Epoch 8
-------------------------------
Train: 
 Accuracy: 80.7%, Avg loss: 0.348474 

Test: 
 Accuracy: 70.4%, Avg loss: 0.515529 

Epoch 9
-------------------------------
Train: 
 Accuracy: 80.7%, Avg loss: 0.343277 

Test: 
 Accuracy: 70.4%, Avg loss: 0.538425 

Epoch 10
-------------------------------
Train: 
 Accuracy: 80.8%, Avg loss: 0.343294 

Test: 
 Accuracy: 70.4%, Avg loss: 0.544402 

Epoch 11
-------------------------------
Train: 
 Accuracy: 80.4%, Avg loss: 0.341877 

Test: 
 Accuracy: 70.9%, Avg loss: 0.534574 

Epoch 12
-------------------------------
Train: 
 Accuracy: 80.9%, Avg loss: 0.335743 

Test: 
 Accuracy: 72.2%, Avg loss: 0.523464 

Epoch 13
-------------------------------
Train: 
 Accuracy: 81.5%, Avg loss: 0.326071 

Test: 
 Accuracy: 71.7%, Avg loss: 0.522829 

Epoch 14
-------------------------------
Train: 
 Accuracy: 82.6%, Avg loss: 0.317010 

Test: 
 Accuracy: 70.9%, Avg loss: 0.529386 

Epoch 15
-------------------------------
Train: 
 Accuracy: 82.7%, Avg loss: 0.311190 

Test: 
 Accuracy: 70.4%, Avg loss: 0.540747 

Epoch 16
-------------------------------
Train: 
 Accuracy: 82.6%, Avg loss: 0.307737 

Test: 
 Accuracy: 70.0%, Avg loss: 0.550340 

Epoch 17
-------------------------------
Train: 
 Accuracy: 82.6%, Avg loss: 0.305073 

Test: 
 Accuracy: 70.0%, Avg loss: 0.557376 

Epoch 18
-------------------------------
Train: 
 Accuracy: 82.3%, Avg loss: 0.303260 

Test: 
 Accuracy: 70.4%, Avg loss: 0.557480 

Epoch 19
-------------------------------
Train: 
 Accuracy: 82.8%, Avg loss: 0.299453 

Test: 
 Accuracy: 70.9%, Avg loss: 0.562123 

Epoch 20
-------------------------------
Train: 
 Accuracy: 83.5%, Avg loss: 0.296532 

Test: 
 Accuracy: 70.0%, Avg loss: 0.559754 

Epoch 21
-------------------------------
Train: 
 Accuracy: 83.7%, Avg loss: 0.292066 

Test: 
 Accuracy: 70.9%, Avg loss: 0.561365 

Epoch 22
-------------------------------
Train: 
 Accuracy: 84.0%, Avg loss: 0.287969 

Test: 
 Accuracy: 70.9%, Avg loss: 0.565815 

Epoch 23
-------------------------------
Train: 
 Accuracy: 83.8%, Avg loss: 0.284108 

Test: 
 Accuracy: 70.9%, Avg loss: 0.567924 

Epoch 24
-------------------------------
Train: 
 Accuracy: 83.8%, Avg loss: 0.279086 

Test: 
 Accuracy: 70.9%, Avg loss: 0.574696 

Epoch 25
-------------------------------
Train: 
 Accuracy: 83.9%, Avg loss: 0.274694 

Test: 
 Accuracy: 70.4%, Avg loss: 0.583019 

Epoch 26
-------------------------------
Train: 
 Accuracy: 84.3%, Avg loss: 0.270650 

Test: 
 Accuracy: 70.4%, Avg loss: 0.591694 

Epoch 27
-------------------------------
Train: 
 Accuracy: 84.3%, Avg loss: 0.267681 

Test: 
 Accuracy: 70.4%, Avg loss: 0.602941 

Epoch 28
-------------------------------
Train: 
 Accuracy: 84.3%, Avg loss: 0.264523 

Test: 
 Accuracy: 70.4%, Avg loss: 0.614445 

Epoch 29
-------------------------------
Train: 
 Accuracy: 84.6%, Avg loss: 0.263098 

Test: 
 Accuracy: 70.4%, Avg loss: 0.620856 

Epoch 30
-------------------------------
Train: 
 Accuracy: 85.2%, Avg loss: 0.260951 

Test: 
 Accuracy: 70.4%, Avg loss: 0.628507 

Done!
