Shape of X [N, C, H, W]: torch.Size([64, 1, 140])
Shape of y: torch.Size([64, 1]) torch.float64
Using cpu device
NeuralNetwork(
  (flatten): Flatten(start_dim=1, end_dim=-1)
  (linear_relu_stack): Sequential(
    (0): Linear(in_features=140, out_features=128, bias=True)
    (1): ReLU()
    (2): Linear(in_features=128, out_features=64, bias=True)
    (3): ReLU()
    (4): Linear(in_features=64, out_features=64, bias=True)
    (5): ReLU()
    (6): Linear(in_features=64, out_features=1, bias=True)
  )
  (sig): Sigmoid()
)
<generator object Module.parameters at 0x7f5b3c1d39e0>
Epoch 1
-------------------------------
Train: 
 Accuracy: 60.8%, Avg loss: 0.687599 

Test: 
 Accuracy: 71.3%, Avg loss: 0.678528 

Epoch 2
-------------------------------
Train: 
 Accuracy: 75.4%, Avg loss: 0.655209 

Test: 
 Accuracy: 76.5%, Avg loss: 0.628417 

Epoch 3
-------------------------------
Train: 
 Accuracy: 77.5%, Avg loss: 0.560866 

Test: 
 Accuracy: 69.6%, Avg loss: 0.534516 

Epoch 4
-------------------------------
Train: 
 Accuracy: 77.8%, Avg loss: 0.440034 

Test: 
 Accuracy: 69.6%, Avg loss: 0.545117 

Epoch 5
-------------------------------
Train: 
 Accuracy: 77.3%, Avg loss: 0.405250 

Test: 
 Accuracy: 70.0%, Avg loss: 0.554300 

Epoch 6
-------------------------------
Train: 
 Accuracy: 77.2%, Avg loss: 0.397547 

Test: 
 Accuracy: 70.0%, Avg loss: 0.492752 

Epoch 7
-------------------------------
Train: 
 Accuracy: 78.7%, Avg loss: 0.371591 

Test: 
 Accuracy: 71.7%, Avg loss: 0.478703 

Epoch 8
-------------------------------
Train: 
 Accuracy: 80.8%, Avg loss: 0.346948 

Test: 
 Accuracy: 73.5%, Avg loss: 0.492969 

Epoch 9
-------------------------------
Train: 
 Accuracy: 81.1%, Avg loss: 0.338698 

Test: 
 Accuracy: 72.2%, Avg loss: 0.507594 

Epoch 10
-------------------------------
Train: 
 Accuracy: 81.1%, Avg loss: 0.336800 

Test: 
 Accuracy: 71.7%, Avg loss: 0.513227 

Epoch 11
-------------------------------
Train: 
 Accuracy: 81.3%, Avg loss: 0.334351 

Test: 
 Accuracy: 72.2%, Avg loss: 0.508482 

Epoch 12
-------------------------------
Train: 
 Accuracy: 81.5%, Avg loss: 0.328442 

Test: 
 Accuracy: 72.2%, Avg loss: 0.502768 

Epoch 13
-------------------------------
Train: 
 Accuracy: 82.3%, Avg loss: 0.320480 

Test: 
 Accuracy: 73.0%, Avg loss: 0.502846 

Epoch 14
-------------------------------
Train: 
 Accuracy: 82.9%, Avg loss: 0.313297 

Test: 
 Accuracy: 72.6%, Avg loss: 0.508642 

Epoch 15
-------------------------------
Train: 
 Accuracy: 82.7%, Avg loss: 0.307944 

Test: 
 Accuracy: 70.9%, Avg loss: 0.515960 

Epoch 16
-------------------------------
Train: 
 Accuracy: 83.2%, Avg loss: 0.304474 

Test: 
 Accuracy: 71.3%, Avg loss: 0.521227 

Epoch 17
-------------------------------
Train: 
 Accuracy: 83.6%, Avg loss: 0.300873 

Test: 
 Accuracy: 70.9%, Avg loss: 0.525623 

Epoch 18
-------------------------------
Train: 
 Accuracy: 83.5%, Avg loss: 0.297179 

Test: 
 Accuracy: 70.9%, Avg loss: 0.530049 

Epoch 19
-------------------------------
Train: 
 Accuracy: 83.6%, Avg loss: 0.293238 

Test: 
 Accuracy: 70.9%, Avg loss: 0.533649 

Epoch 20
-------------------------------
Train: 
 Accuracy: 83.2%, Avg loss: 0.289354 

Test: 
 Accuracy: 70.0%, Avg loss: 0.537058 

Epoch 21
-------------------------------
Train: 
 Accuracy: 83.7%, Avg loss: 0.285392 

Test: 
 Accuracy: 70.4%, Avg loss: 0.541301 

Epoch 22
-------------------------------
Train: 
 Accuracy: 83.5%, Avg loss: 0.281771 

Test: 
 Accuracy: 70.0%, Avg loss: 0.546405 

Epoch 23
-------------------------------
Train: 
 Accuracy: 83.8%, Avg loss: 0.279065 

Test: 
 Accuracy: 69.6%, Avg loss: 0.553460 

Epoch 24
-------------------------------
Train: 
 Accuracy: 84.0%, Avg loss: 0.276367 

Test: 
 Accuracy: 70.0%, Avg loss: 0.556870 

Epoch 25
-------------------------------
Train: 
 Accuracy: 84.1%, Avg loss: 0.272389 

Test: 
 Accuracy: 70.9%, Avg loss: 0.560322 

Epoch 26
-------------------------------
Train: 
 Accuracy: 84.2%, Avg loss: 0.269565 

Test: 
 Accuracy: 70.4%, Avg loss: 0.568033 

Epoch 27
-------------------------------
Train: 
 Accuracy: 84.5%, Avg loss: 0.267155 

Test: 
 Accuracy: 70.9%, Avg loss: 0.571542 

Epoch 28
-------------------------------
Train: 
 Accuracy: 84.6%, Avg loss: 0.264749 

Test: 
 Accuracy: 70.0%, Avg loss: 0.577091 

Epoch 29
-------------------------------
Train: 
 Accuracy: 84.7%, Avg loss: 0.262628 

Test: 
 Accuracy: 70.4%, Avg loss: 0.581094 

Epoch 30
-------------------------------
Train: 
 Accuracy: 84.6%, Avg loss: 0.261175 

Test: 
 Accuracy: 70.4%, Avg loss: 0.586353 

Done!
