Shape of X [N, C, H, W]: torch.Size([64, 1, 140])
Shape of y: torch.Size([64, 1]) torch.float64
Using cpu device
NeuralNetwork(
  (flatten): Flatten(start_dim=1, end_dim=-1)
  (linear_relu_stack): Sequential(
    (0): Linear(in_features=140, out_features=256, bias=True)
    (1): ReLU()
    (2): Linear(in_features=256, out_features=64, bias=True)
    (3): ReLU()
    (4): Linear(in_features=64, out_features=32, bias=True)
    (5): ReLU()
    (6): Linear(in_features=32, out_features=1, bias=True)
  )
  (sig): Sigmoid()
)
<generator object Module.parameters at 0x7fdb2e3549e0>
Epoch 1
-------------------------------
Train: 
 Accuracy: 50.2%, Avg loss: 42.912405 

Test: 
 Accuracy: 53.5%, Avg loss: 46.340461 

Epoch 2
-------------------------------
Train: 
 Accuracy: 49.1%, Avg loss: 50.833333 

Test: 
 Accuracy: 53.5%, Avg loss: 46.340461 

Epoch 3
-------------------------------
Train: 
 Accuracy: 49.1%, Avg loss: 50.833333 

Test: 
 Accuracy: 53.5%, Avg loss: 46.340461 

Epoch 4
-------------------------------
Train: 
 Accuracy: 49.1%, Avg loss: 50.833333 

Test: 
 Accuracy: 53.5%, Avg loss: 46.340461 

Epoch 5
-------------------------------
Train: 
 Accuracy: 49.1%, Avg loss: 50.833333 

Test: 
 Accuracy: 53.5%, Avg loss: 46.340461 

Epoch 6
-------------------------------
Train: 
 Accuracy: 49.1%, Avg loss: 50.833333 

Test: 
 Accuracy: 53.5%, Avg loss: 46.340461 

Epoch 7
-------------------------------
Train: 
 Accuracy: 49.1%, Avg loss: 50.833333 

Test: 
 Accuracy: 53.5%, Avg loss: 46.340461 

Epoch 8
-------------------------------
Train: 
 Accuracy: 49.1%, Avg loss: 50.833333 

Test: 
 Accuracy: 53.5%, Avg loss: 46.340461 

Epoch 9
-------------------------------
Train: 
 Accuracy: 49.1%, Avg loss: 50.833333 

Test: 
 Accuracy: 53.5%, Avg loss: 46.340461 

Epoch 10
-------------------------------
Train: 
 Accuracy: 49.1%, Avg loss: 50.833333 

Test: 
 Accuracy: 53.5%, Avg loss: 46.340461 

Epoch 11
-------------------------------
Train: 
 Accuracy: 49.1%, Avg loss: 50.833333 

Test: 
 Accuracy: 53.5%, Avg loss: 46.340461 

Epoch 12
-------------------------------
Train: 
 Accuracy: 49.1%, Avg loss: 50.833333 

Test: 
 Accuracy: 53.5%, Avg loss: 46.340461 

Epoch 13
-------------------------------
Train: 
 Accuracy: 49.1%, Avg loss: 50.833333 

Test: 
 Accuracy: 53.5%, Avg loss: 46.340461 

Epoch 14
-------------------------------
Train: 
 Accuracy: 49.1%, Avg loss: 50.833333 

Test: 
 Accuracy: 53.5%, Avg loss: 46.340461 

Epoch 15
-------------------------------
Train: 
 Accuracy: 49.1%, Avg loss: 50.833333 

Test: 
 Accuracy: 53.5%, Avg loss: 46.340461 

Epoch 16
-------------------------------
Train: 
 Accuracy: 49.1%, Avg loss: 50.833333 

Test: 
 Accuracy: 53.5%, Avg loss: 46.340461 

Epoch 17
-------------------------------
Train: 
 Accuracy: 49.1%, Avg loss: 50.833333 

Test: 
 Accuracy: 53.5%, Avg loss: 46.340461 

Epoch 18
-------------------------------
Train: 
 Accuracy: 49.1%, Avg loss: 50.833333 

Test: 
 Accuracy: 53.5%, Avg loss: 46.340461 

Epoch 19
-------------------------------
Train: 
 Accuracy: 49.1%, Avg loss: 50.833333 

Test: 
 Accuracy: 53.5%, Avg loss: 46.340461 

Epoch 20
-------------------------------
Train: 
 Accuracy: 49.1%, Avg loss: 50.833333 

Test: 
 Accuracy: 53.5%, Avg loss: 46.340461 

Epoch 21
-------------------------------
Train: 
 Accuracy: 49.1%, Avg loss: 50.833333 

Test: 
 Accuracy: 53.5%, Avg loss: 46.340461 

Epoch 22
-------------------------------
Train: 
 Accuracy: 49.1%, Avg loss: 50.833333 

Test: 
 Accuracy: 53.5%, Avg loss: 46.340461 

Epoch 23
-------------------------------
Train: 
 Accuracy: 49.1%, Avg loss: 50.833333 

Test: 
 Accuracy: 53.5%, Avg loss: 46.340461 

Epoch 24
-------------------------------
Train: 
 Accuracy: 49.1%, Avg loss: 50.833333 

Test: 
 Accuracy: 53.5%, Avg loss: 46.340461 

Epoch 25
-------------------------------
Train: 
 Accuracy: 49.1%, Avg loss: 50.833333 

Test: 
 Accuracy: 53.5%, Avg loss: 46.340461 

Epoch 26
-------------------------------
Train: 
 Accuracy: 49.1%, Avg loss: 50.833333 

Test: 
 Accuracy: 53.5%, Avg loss: 46.340461 

Epoch 27
-------------------------------
Train: 
 Accuracy: 49.1%, Avg loss: 50.833333 

Test: 
 Accuracy: 53.5%, Avg loss: 46.340461 

Epoch 28
-------------------------------
Train: 
 Accuracy: 49.1%, Avg loss: 50.833333 

Test: 
 Accuracy: 53.5%, Avg loss: 46.340461 

Epoch 29
-------------------------------
Train: 
 Accuracy: 49.1%, Avg loss: 50.833333 

Test: 
 Accuracy: 53.5%, Avg loss: 46.340461 

Epoch 30
-------------------------------
Train: 
 Accuracy: 49.1%, Avg loss: 50.833333 

Test: 
 Accuracy: 53.5%, Avg loss: 46.340461 

Done!
