Ridge regression------------------------
Accuracy score: 0.8991967871485944
F1 score: 0.29295774647887324
Lasso regression------------------------
Accuracy score: 0.8823293172690763
F1 score: 0.0
perceptron------------------------
Accuracy score: 0.7843373493975904
F1 score: 0.2791946308724832
Linear SVM------------------------
Accuracy score: 0.40682730923694777
F1 score: 0.24372759856630827
RBF SVM------------------------
Accuracy score: 0.9220883534136546
F1 score: 0.5745614035087719
random forest------------------------
Accuracy score: 0.9216867469879518
F1 score: 0.5454545454545455
Gradient Boosted Tree------------------------
Accuracy score: 0.9313253012048193
F1 score: 0.6369426751592356
Ada Boost------------------------
Accuracy score: 0.9265060240963855
F1 score: 0.5869074492099323