Shape of X [N, C, H, W]: torch.Size([64, 1, 140])
Shape of y: torch.Size([64, 1]) torch.float64
Using cpu device
NeuralNetwork(
  (flatten): Flatten(start_dim=1, end_dim=-1)
  (linear_relu_stack): Sequential(
    (0): Linear(in_features=140, out_features=256, bias=True)
    (1): ReLU()
    (2): Linear(in_features=256, out_features=128, bias=True)
    (3): ReLU()
    (4): Linear(in_features=128, out_features=64, bias=True)
    (5): ReLU()
    (6): Linear(in_features=64, out_features=32, bias=True)
    (7): ReLU()
    (8): Linear(in_features=32, out_features=1, bias=True)
  )
  (sig): Sigmoid()
)
<generator object Module.parameters at 0x7f74019d49e0>
Epoch 1
-------------------------------
Train: 
 Accuracy: 49.1%, Avg loss: 0.689984 

Test: 
 Accuracy: 70.4%, Avg loss: 0.671647 

Epoch 2
-------------------------------
Train: 
 Accuracy: 73.9%, Avg loss: 0.625734 

Test: 
 Accuracy: 70.4%, Avg loss: 0.577766 

Epoch 3
-------------------------------
Train: 
 Accuracy: 78.2%, Avg loss: 0.458994 

Test: 
 Accuracy: 70.9%, Avg loss: 0.511487 

Epoch 4
-------------------------------
Train: 
 Accuracy: 80.7%, Avg loss: 0.389901 

Test: 
 Accuracy: 70.4%, Avg loss: 0.518655 

Epoch 5
-------------------------------
Train: 
 Accuracy: 80.7%, Avg loss: 0.366320 

Test: 
 Accuracy: 69.6%, Avg loss: 0.557682 

Epoch 6
-------------------------------
Train: 
 Accuracy: 79.5%, Avg loss: 0.358374 

Test: 
 Accuracy: 69.6%, Avg loss: 0.612053 

Epoch 7
-------------------------------
Train: 
 Accuracy: 80.2%, Avg loss: 0.362972 

Test: 
 Accuracy: 68.7%, Avg loss: 0.663652 

Epoch 8
-------------------------------
Train: 
 Accuracy: 77.5%, Avg loss: 0.397036 

Test: 
 Accuracy: 71.7%, Avg loss: 0.498202 

Epoch 9
-------------------------------
Train: 
 Accuracy: 79.3%, Avg loss: 0.365223 

Test: 
 Accuracy: 76.1%, Avg loss: 0.463531 

Epoch 10
-------------------------------
Train: 
 Accuracy: 82.9%, Avg loss: 0.321808 

Test: 
 Accuracy: 72.2%, Avg loss: 0.504281 

Epoch 11
-------------------------------
Train: 
 Accuracy: 81.7%, Avg loss: 0.312587 

Test: 
 Accuracy: 69.1%, Avg loss: 0.557519 

Epoch 12
-------------------------------
Train: 
 Accuracy: 82.2%, Avg loss: 0.319305 

Test: 
 Accuracy: 69.6%, Avg loss: 0.556273 

Epoch 13
-------------------------------
Train: 
 Accuracy: 81.0%, Avg loss: 0.324888 

Test: 
 Accuracy: 71.7%, Avg loss: 0.511738 

Epoch 14
-------------------------------
Train: 
 Accuracy: 82.5%, Avg loss: 0.311167 

Test: 
 Accuracy: 74.3%, Avg loss: 0.499207 

Epoch 15
-------------------------------
Train: 
 Accuracy: 84.9%, Avg loss: 0.293072 

Test: 
 Accuracy: 74.8%, Avg loss: 0.515993 

Epoch 16
-------------------------------
Train: 
 Accuracy: 85.2%, Avg loss: 0.281262 

Test: 
 Accuracy: 71.7%, Avg loss: 0.550031 

Epoch 17
-------------------------------
Train: 
 Accuracy: 84.9%, Avg loss: 0.275539 

Test: 
 Accuracy: 68.7%, Avg loss: 0.589966 

Epoch 18
-------------------------------
Train: 
 Accuracy: 84.2%, Avg loss: 0.274900 

Test: 
 Accuracy: 69.6%, Avg loss: 0.610349 

Epoch 19
-------------------------------
Train: 
 Accuracy: 83.8%, Avg loss: 0.277909 

Test: 
 Accuracy: 69.1%, Avg loss: 0.615453 

Epoch 20
-------------------------------
Train: 
 Accuracy: 84.0%, Avg loss: 0.285537 

Test: 
 Accuracy: 70.4%, Avg loss: 0.583589 

Epoch 21
-------------------------------
Train: 
 Accuracy: 83.2%, Avg loss: 0.288985 

Test: 
 Accuracy: 73.0%, Avg loss: 0.546068 

Epoch 22
-------------------------------
Train: 
 Accuracy: 84.3%, Avg loss: 0.276578 

Test: 
 Accuracy: 74.8%, Avg loss: 0.548065 

Epoch 23
-------------------------------
Train: 
 Accuracy: 85.9%, Avg loss: 0.259799 

Test: 
 Accuracy: 76.1%, Avg loss: 0.570943 

Epoch 24
-------------------------------
Train: 
 Accuracy: 87.5%, Avg loss: 0.246860 

Test: 
 Accuracy: 74.8%, Avg loss: 0.609923 

Epoch 25
-------------------------------
Train: 
 Accuracy: 87.8%, Avg loss: 0.238006 

Test: 
 Accuracy: 70.9%, Avg loss: 0.658521 

Epoch 26
-------------------------------
Train: 
 Accuracy: 87.5%, Avg loss: 0.236929 

Test: 
 Accuracy: 70.0%, Avg loss: 0.680398 

Epoch 27
-------------------------------
Train: 
 Accuracy: 87.7%, Avg loss: 0.234511 

Test: 
 Accuracy: 70.4%, Avg loss: 0.700059 

Epoch 28
-------------------------------
Train: 
 Accuracy: 87.9%, Avg loss: 0.234967 

Test: 
 Accuracy: 70.0%, Avg loss: 0.711950 

Epoch 29
-------------------------------
Train: 
 Accuracy: 87.5%, Avg loss: 0.238159 

Test: 
 Accuracy: 70.9%, Avg loss: 0.731335 

Epoch 30
-------------------------------
Train: 
 Accuracy: 86.0%, Avg loss: 0.249779 

Test: 
 Accuracy: 70.0%, Avg loss: 0.707808 

Done!
