Shape of X [N, C, H, W]: torch.Size([64, 1, 140])
Shape of y: torch.Size([64, 1]) torch.float64
Using cpu device
NeuralNetwork(
  (flatten): Flatten(start_dim=1, end_dim=-1)
  (linear_relu_stack): Sequential(
    (0): Linear(in_features=140, out_features=256, bias=True)
    (1): ReLU()
    (2): Linear(in_features=256, out_features=128, bias=True)
    (3): ReLU()
    (4): Linear(in_features=128, out_features=32, bias=True)
    (5): ReLU()
    (6): Linear(in_features=32, out_features=1, bias=True)
  )
  (sig): Sigmoid()
)
<generator object Module.parameters at 0x7f1607f864a0>
Epoch 1
-------------------------------
Train: 
 Accuracy: 58.0%, Avg loss: 0.680848 

Test: 
 Accuracy: 74.3%, Avg loss: 0.657000 

Epoch 2
-------------------------------
Train: 
 Accuracy: 76.7%, Avg loss: 0.592446 

Test: 
 Accuracy: 69.1%, Avg loss: 0.561848 

Epoch 3
-------------------------------
Train: 
 Accuracy: 77.9%, Avg loss: 0.450473 

Test: 
 Accuracy: 69.1%, Avg loss: 0.574913 

Epoch 4
-------------------------------
Train: 
 Accuracy: 78.6%, Avg loss: 0.404752 

Test: 
 Accuracy: 67.8%, Avg loss: 0.623013 

Epoch 5
-------------------------------
Train: 
 Accuracy: 77.3%, Avg loss: 0.404088 

Test: 
 Accuracy: 69.6%, Avg loss: 0.561889 

Epoch 6
-------------------------------
Train: 
 Accuracy: 76.2%, Avg loss: 0.402387 

Test: 
 Accuracy: 73.0%, Avg loss: 0.479071 

Epoch 7
-------------------------------
Train: 
 Accuracy: 81.2%, Avg loss: 0.358676 

Test: 
 Accuracy: 70.4%, Avg loss: 0.490147 

Epoch 8
-------------------------------
Train: 
 Accuracy: 81.5%, Avg loss: 0.339872 

Test: 
 Accuracy: 71.7%, Avg loss: 0.517779 

Epoch 9
-------------------------------
Train: 
 Accuracy: 80.9%, Avg loss: 0.337729 

Test: 
 Accuracy: 71.3%, Avg loss: 0.533231 

Epoch 10
-------------------------------
Train: 
 Accuracy: 81.0%, Avg loss: 0.337840 

Test: 
 Accuracy: 71.7%, Avg loss: 0.525965 

Epoch 11
-------------------------------
Train: 
 Accuracy: 81.0%, Avg loss: 0.333462 

Test: 
 Accuracy: 71.7%, Avg loss: 0.512682 

Epoch 12
-------------------------------
Train: 
 Accuracy: 81.6%, Avg loss: 0.325194 

Test: 
 Accuracy: 73.0%, Avg loss: 0.504777 

Epoch 13
-------------------------------
Train: 
 Accuracy: 82.7%, Avg loss: 0.314229 

Test: 
 Accuracy: 72.6%, Avg loss: 0.508556 

Epoch 14
-------------------------------
Train: 
 Accuracy: 83.0%, Avg loss: 0.306554 

Test: 
 Accuracy: 70.4%, Avg loss: 0.519576 

Epoch 15
-------------------------------
Train: 
 Accuracy: 83.2%, Avg loss: 0.301966 

Test: 
 Accuracy: 70.4%, Avg loss: 0.533193 

Epoch 16
-------------------------------
Train: 
 Accuracy: 82.6%, Avg loss: 0.299534 

Test: 
 Accuracy: 70.4%, Avg loss: 0.540716 

Epoch 17
-------------------------------
Train: 
 Accuracy: 83.0%, Avg loss: 0.297354 

Test: 
 Accuracy: 70.9%, Avg loss: 0.540959 

Epoch 18
-------------------------------
Train: 
 Accuracy: 83.0%, Avg loss: 0.293036 

Test: 
 Accuracy: 71.7%, Avg loss: 0.540555 

Epoch 19
-------------------------------
Train: 
 Accuracy: 83.5%, Avg loss: 0.288181 

Test: 
 Accuracy: 70.9%, Avg loss: 0.538750 

Epoch 20
-------------------------------
Train: 
 Accuracy: 83.6%, Avg loss: 0.283343 

Test: 
 Accuracy: 71.3%, Avg loss: 0.540921 

Epoch 21
-------------------------------
Train: 
 Accuracy: 83.9%, Avg loss: 0.278208 

Test: 
 Accuracy: 71.3%, Avg loss: 0.546648 

Epoch 22
-------------------------------
Train: 
 Accuracy: 84.2%, Avg loss: 0.273648 

Test: 
 Accuracy: 71.7%, Avg loss: 0.555101 

Epoch 23
-------------------------------
Train: 
 Accuracy: 84.9%, Avg loss: 0.269892 

Test: 
 Accuracy: 70.9%, Avg loss: 0.565974 

Epoch 24
-------------------------------
Train: 
 Accuracy: 84.7%, Avg loss: 0.266356 

Test: 
 Accuracy: 70.9%, Avg loss: 0.573981 

Epoch 25
-------------------------------
Train: 
 Accuracy: 84.9%, Avg loss: 0.264839 

Test: 
 Accuracy: 70.0%, Avg loss: 0.577063 

Epoch 26
-------------------------------
Train: 
 Accuracy: 85.2%, Avg loss: 0.262810 

Test: 
 Accuracy: 70.0%, Avg loss: 0.580841 

Epoch 27
-------------------------------
Train: 
 Accuracy: 85.4%, Avg loss: 0.260479 

Test: 
 Accuracy: 69.6%, Avg loss: 0.582092 

Epoch 28
-------------------------------
Train: 
 Accuracy: 85.4%, Avg loss: 0.259299 

Test: 
 Accuracy: 71.7%, Avg loss: 0.581598 

Epoch 29
-------------------------------
Train: 
 Accuracy: 85.5%, Avg loss: 0.256035 

Test: 
 Accuracy: 72.6%, Avg loss: 0.579679 

Epoch 30
-------------------------------
Train: 
 Accuracy: 86.2%, Avg loss: 0.253605 

Test: 
 Accuracy: 72.6%, Avg loss: 0.581239 

Epoch 31
-------------------------------
Train: 
 Accuracy: 86.7%, Avg loss: 0.249874 

Test: 
 Accuracy: 73.9%, Avg loss: 0.584243 

Epoch 32
-------------------------------
Train: 
 Accuracy: 87.5%, Avg loss: 0.246961 

Test: 
 Accuracy: 75.2%, Avg loss: 0.587670 

Epoch 33
-------------------------------
Train: 
 Accuracy: 87.7%, Avg loss: 0.243404 

Test: 
 Accuracy: 75.7%, Avg loss: 0.594090 

Epoch 34
-------------------------------
Train: 
 Accuracy: 88.7%, Avg loss: 0.240420 

Test: 
 Accuracy: 74.3%, Avg loss: 0.599942 

Epoch 35
-------------------------------
Train: 
 Accuracy: 88.8%, Avg loss: 0.238033 

Test: 
 Accuracy: 74.8%, Avg loss: 0.606376 

Epoch 36
-------------------------------
Train: 
 Accuracy: 89.0%, Avg loss: 0.234921 

Test: 
 Accuracy: 74.3%, Avg loss: 0.614205 

Epoch 37
-------------------------------
Train: 
 Accuracy: 89.6%, Avg loss: 0.231839 

Test: 
 Accuracy: 75.2%, Avg loss: 0.624499 

Epoch 38
-------------------------------
Train: 
 Accuracy: 89.7%, Avg loss: 0.229204 

Test: 
 Accuracy: 75.2%, Avg loss: 0.632399 

Epoch 39
-------------------------------
Train: 
 Accuracy: 89.3%, Avg loss: 0.227165 

Test: 
 Accuracy: 74.8%, Avg loss: 0.642720 

Epoch 40
-------------------------------
Train: 
 Accuracy: 89.9%, Avg loss: 0.224733 

Test: 
 Accuracy: 73.9%, Avg loss: 0.654395 

Epoch 41
-------------------------------
Train: 
 Accuracy: 89.8%, Avg loss: 0.222132 

Test: 
 Accuracy: 74.3%, Avg loss: 0.665143 

Epoch 42
-------------------------------
Train: 
 Accuracy: 89.3%, Avg loss: 0.220279 

Test: 
 Accuracy: 73.5%, Avg loss: 0.673275 

Epoch 43
-------------------------------
Train: 
 Accuracy: 89.6%, Avg loss: 0.218610 

Test: 
 Accuracy: 74.3%, Avg loss: 0.684244 

Epoch 44
-------------------------------
Train: 
 Accuracy: 89.3%, Avg loss: 0.216643 

Test: 
 Accuracy: 73.5%, Avg loss: 0.693394 

Epoch 45
-------------------------------
Train: 
 Accuracy: 89.5%, Avg loss: 0.215258 

Test: 
 Accuracy: 73.5%, Avg loss: 0.702193 

Epoch 46
-------------------------------
Train: 
 Accuracy: 89.6%, Avg loss: 0.213308 

Test: 
 Accuracy: 73.9%, Avg loss: 0.711930 

Epoch 47
-------------------------------
Train: 
 Accuracy: 89.7%, Avg loss: 0.210554 

Test: 
 Accuracy: 73.0%, Avg loss: 0.720699 

Epoch 48
-------------------------------
Train: 
 Accuracy: 89.7%, Avg loss: 0.210152 

Test: 
 Accuracy: 73.9%, Avg loss: 0.729863 

Epoch 49
-------------------------------
Train: 
 Accuracy: 89.7%, Avg loss: 0.207424 

Test: 
 Accuracy: 73.0%, Avg loss: 0.736264 

Epoch 50
-------------------------------
Train: 
 Accuracy: 89.9%, Avg loss: 0.206514 

Test: 
 Accuracy: 72.6%, Avg loss: 0.748077 

Epoch 51
-------------------------------
Train: 
 Accuracy: 90.0%, Avg loss: 0.204477 

Test: 
 Accuracy: 73.9%, Avg loss: 0.752510 

Epoch 52
-------------------------------
Train: 
 Accuracy: 89.8%, Avg loss: 0.202668 

Test: 
 Accuracy: 73.5%, Avg loss: 0.766628 

Epoch 53
-------------------------------
Train: 
 Accuracy: 89.9%, Avg loss: 0.202791 

Test: 
 Accuracy: 72.6%, Avg loss: 0.771056 

Epoch 54
-------------------------------
Train: 
 Accuracy: 90.7%, Avg loss: 0.201038 

Test: 
 Accuracy: 72.6%, Avg loss: 0.782002 

Epoch 55
-------------------------------
Train: 
 Accuracy: 89.9%, Avg loss: 0.199679 

Test: 
 Accuracy: 72.2%, Avg loss: 0.786936 

Epoch 56
-------------------------------
Train: 
 Accuracy: 90.5%, Avg loss: 0.198127 

Test: 
 Accuracy: 73.5%, Avg loss: 0.794051 

Epoch 57
-------------------------------
Train: 
 Accuracy: 90.8%, Avg loss: 0.195849 

Test: 
 Accuracy: 72.6%, Avg loss: 0.803392 

Epoch 58
-------------------------------
Train: 
 Accuracy: 90.8%, Avg loss: 0.195081 

Test: 
 Accuracy: 73.0%, Avg loss: 0.807938 

Epoch 59
-------------------------------
Train: 
 Accuracy: 90.5%, Avg loss: 0.193382 

Test: 
 Accuracy: 72.6%, Avg loss: 0.817853 

Epoch 60
-------------------------------
Train: 
 Accuracy: 90.9%, Avg loss: 0.191843 

Test: 
 Accuracy: 73.0%, Avg loss: 0.821728 

Epoch 61
-------------------------------
Train: 
 Accuracy: 91.0%, Avg loss: 0.190573 

Test: 
 Accuracy: 72.2%, Avg loss: 0.828662 

Epoch 62
-------------------------------
Train: 
 Accuracy: 90.5%, Avg loss: 0.189870 

Test: 
 Accuracy: 72.6%, Avg loss: 0.840331 

Epoch 63
-------------------------------
Train: 
 Accuracy: 91.1%, Avg loss: 0.188971 

Test: 
 Accuracy: 73.5%, Avg loss: 0.843603 

Epoch 64
-------------------------------
Train: 
 Accuracy: 90.7%, Avg loss: 0.188523 

Test: 
 Accuracy: 73.0%, Avg loss: 0.848236 

Epoch 65
-------------------------------
Train: 
 Accuracy: 91.2%, Avg loss: 0.187083 

Test: 
 Accuracy: 73.5%, Avg loss: 0.852198 

Epoch 66
-------------------------------
Train: 
 Accuracy: 90.7%, Avg loss: 0.187008 

Test: 
 Accuracy: 73.5%, Avg loss: 0.860213 

Epoch 67
-------------------------------
Train: 
 Accuracy: 90.9%, Avg loss: 0.186723 

Test: 
 Accuracy: 73.5%, Avg loss: 0.862368 

Epoch 68
-------------------------------
Train: 
 Accuracy: 90.4%, Avg loss: 0.186005 

Test: 
 Accuracy: 73.9%, Avg loss: 0.867342 

Epoch 69
-------------------------------
Train: 
 Accuracy: 90.7%, Avg loss: 0.186050 

Test: 
 Accuracy: 74.3%, Avg loss: 0.870914 

Epoch 70
-------------------------------
Train: 
 Accuracy: 90.7%, Avg loss: 0.187603 

Test: 
 Accuracy: 74.3%, Avg loss: 0.869383 

Epoch 71
-------------------------------
Train: 
 Accuracy: 90.9%, Avg loss: 0.189606 

Test: 
 Accuracy: 75.7%, Avg loss: 0.859509 

Epoch 72
-------------------------------
Train: 
 Accuracy: 90.3%, Avg loss: 0.190701 

Test: 
 Accuracy: 76.5%, Avg loss: 0.860159 

Epoch 73
-------------------------------
Train: 
 Accuracy: 90.7%, Avg loss: 0.193180 

Test: 
 Accuracy: 77.0%, Avg loss: 0.843811 

Epoch 74
-------------------------------
Train: 
 Accuracy: 90.2%, Avg loss: 0.197388 

Test: 
 Accuracy: 77.4%, Avg loss: 0.834014 

Epoch 75
-------------------------------
Train: 
 Accuracy: 89.8%, Avg loss: 0.202135 

Test: 
 Accuracy: 76.5%, Avg loss: 0.819487 

Done!
