Shape of X [N, C, H, W]: torch.Size([64, 1, 140])
Shape of y: torch.Size([64, 1]) torch.float64
Using cpu device
NeuralNetwork(
  (flatten): Flatten(start_dim=1, end_dim=-1)
  (linear_relu_stack): Sequential(
    (0): Linear(in_features=140, out_features=256, bias=True)
    (1): ReLU()
    (2): Linear(in_features=256, out_features=192, bias=True)
    (3): ReLU()
    (4): Linear(in_features=192, out_features=64, bias=True)
    (5): ReLU()
    (6): Linear(in_features=64, out_features=64, bias=True)
    (7): ReLU()
    (8): Linear(in_features=64, out_features=1, bias=True)
  )
  (sig): Sigmoid()
)
<generator object Module.parameters at 0x7fcd77ec8430>
Epoch 1
-------------------------------
Train: 
 Accuracy: 59.0%, Avg loss: 0.686602 

Test: 
 Accuracy: 69.1%, Avg loss: 0.673498 

Epoch 2
-------------------------------
Train: 
 Accuracy: 76.2%, Avg loss: 0.618846 

Test: 
 Accuracy: 70.9%, Avg loss: 0.562355 

Epoch 3
-------------------------------
Train: 
 Accuracy: 80.1%, Avg loss: 0.441841 

Test: 
 Accuracy: 73.5%, Avg loss: 0.492740 

Epoch 4
-------------------------------
Train: 
 Accuracy: 78.2%, Avg loss: 0.387857 

Test: 
 Accuracy: 69.1%, Avg loss: 0.530750 

Epoch 5
-------------------------------
Train: 
 Accuracy: 82.3%, Avg loss: 0.358542 

Test: 
 Accuracy: 70.9%, Avg loss: 0.507022 

Epoch 6
-------------------------------
Train: 
 Accuracy: 82.3%, Avg loss: 0.341922 

Test: 
 Accuracy: 70.9%, Avg loss: 0.533883 

Epoch 7
-------------------------------
Train: 
 Accuracy: 81.7%, Avg loss: 0.333920 

Test: 
 Accuracy: 70.0%, Avg loss: 0.551421 

Epoch 8
-------------------------------
Train: 
 Accuracy: 81.8%, Avg loss: 0.327168 

Test: 
 Accuracy: 69.1%, Avg loss: 0.583383 

Epoch 9
-------------------------------
Train: 
 Accuracy: 82.3%, Avg loss: 0.327717 

Test: 
 Accuracy: 70.0%, Avg loss: 0.644169 

Epoch 10
-------------------------------
Train: 
 Accuracy: 81.8%, Avg loss: 0.343652 

Test: 
 Accuracy: 70.0%, Avg loss: 0.666354 

Epoch 11
-------------------------------
Train: 
 Accuracy: 78.0%, Avg loss: 0.388472 

Test: 
 Accuracy: 73.9%, Avg loss: 0.468258 

Epoch 12
-------------------------------
Train: 
 Accuracy: 81.7%, Avg loss: 0.337647 

Test: 
 Accuracy: 74.8%, Avg loss: 0.467339 

Epoch 13
-------------------------------
Train: 
 Accuracy: 84.0%, Avg loss: 0.302148 

Test: 
 Accuracy: 70.4%, Avg loss: 0.518251 

Epoch 14
-------------------------------
Train: 
 Accuracy: 83.5%, Avg loss: 0.297668 

Test: 
 Accuracy: 68.7%, Avg loss: 0.572100 

Epoch 15
-------------------------------
Train: 
 Accuracy: 82.1%, Avg loss: 0.306312 

Test: 
 Accuracy: 68.7%, Avg loss: 0.560975 

Epoch 16
-------------------------------
Train: 
 Accuracy: 82.2%, Avg loss: 0.310105 

Test: 
 Accuracy: 73.5%, Avg loss: 0.521800 

Epoch 17
-------------------------------
Train: 
 Accuracy: 83.9%, Avg loss: 0.296954 

Test: 
 Accuracy: 76.5%, Avg loss: 0.517623 

Epoch 18
-------------------------------
Train: 
 Accuracy: 85.4%, Avg loss: 0.279621 

Test: 
 Accuracy: 76.1%, Avg loss: 0.537748 

Epoch 19
-------------------------------
Train: 
 Accuracy: 87.0%, Avg loss: 0.266365 

Test: 
 Accuracy: 70.4%, Avg loss: 0.572255 

Epoch 20
-------------------------------
Train: 
 Accuracy: 86.5%, Avg loss: 0.260204 

Test: 
 Accuracy: 69.6%, Avg loss: 0.617958 

Epoch 21
-------------------------------
Train: 
 Accuracy: 85.7%, Avg loss: 0.259137 

Test: 
 Accuracy: 68.7%, Avg loss: 0.647623 

Epoch 22
-------------------------------
Train: 
 Accuracy: 85.2%, Avg loss: 0.264089 

Test: 
 Accuracy: 68.7%, Avg loss: 0.658547 

Epoch 23
-------------------------------
Train: 
 Accuracy: 84.3%, Avg loss: 0.273897 

Test: 
 Accuracy: 68.7%, Avg loss: 0.623593 

Epoch 24
-------------------------------
Train: 
 Accuracy: 83.5%, Avg loss: 0.287498 

Test: 
 Accuracy: 72.6%, Avg loss: 0.558660 

Epoch 25
-------------------------------
Train: 
 Accuracy: 85.2%, Avg loss: 0.274114 

Test: 
 Accuracy: 74.8%, Avg loss: 0.563079 

Epoch 26
-------------------------------
Train: 
 Accuracy: 85.9%, Avg loss: 0.254148 

Test: 
 Accuracy: 75.2%, Avg loss: 0.583738 

Epoch 27
-------------------------------
Train: 
 Accuracy: 87.9%, Avg loss: 0.238667 

Test: 
 Accuracy: 73.5%, Avg loss: 0.626491 

Epoch 28
-------------------------------
Train: 
 Accuracy: 88.4%, Avg loss: 0.229315 

Test: 
 Accuracy: 70.9%, Avg loss: 0.683176 

Epoch 29
-------------------------------
Train: 
 Accuracy: 87.3%, Avg loss: 0.229784 

Test: 
 Accuracy: 70.0%, Avg loss: 0.725353 

Epoch 30
-------------------------------
Train: 
 Accuracy: 87.5%, Avg loss: 0.236314 

Test: 
 Accuracy: 70.0%, Avg loss: 0.726877 

Done!
